<?xml version="1.0" encoding="UTF-8"?>
<!-- Generated by org.testng.reporters.JUnitReportReporter -->
<testsuite hostname="DESKTOP-8GU1FPD" name="com.ddfw.punj.testcases.TestCaseB" tests="3" failures="0" timestamp="9 Jul 2018 11:05:40 GMT" time="0.323" errors="0">
  <testcase name="TestB2" time="0.229" classname="com.ddfw.punj.testcases.TestCaseB"/>
  <testcase name="TestB3" time="0.038" classname="com.ddfw.punj.testcases.TestCaseB"/>
  <testcase name="TestB1" time="0.056" classname="com.ddfw.punj.testcases.TestCaseB"/>
</testsuite> <!-- com.ddfw.punj.testcases.TestCaseB -->
