<?xml version="1.0" encoding="UTF-8"?>
<!-- Generated by org.testng.reporters.JUnitReportReporter -->
<testsuite hostname="DESKTOP-8GU1FPD" name="com.ddfw.punj.testcases.TestCaseC" tests="3" failures="0" timestamp="2 Jul 2018 10:51:36 GMT" time="0.641" errors="0">
  <testcase name="TestC1" time="0.423" classname="com.ddfw.punj.testcases.TestCaseC"/>
  <testcase name="TestC2" time="0.040" classname="com.ddfw.punj.testcases.TestCaseC"/>
  <testcase name="TestC3" time="0.178" classname="com.ddfw.punj.testcases.TestCaseC"/>
</testsuite> <!-- com.ddfw.punj.testcases.TestCaseC -->
