<?xml version="1.0" encoding="UTF-8"?>
<!-- Generated by org.testng.reporters.JUnitReportReporter -->
<testsuite hostname="DESKTOP-8GU1FPD" name="com.ddfw.punj.testcases.TestCaseC" tests="3" failures="0" timestamp="15 Jun 2018 23:03:30 GMT" time="0.177" errors="0">
  <testcase name="TestC2" time="0.045" classname="com.ddfw.punj.testcases.TestCaseC"/>
  <testcase name="TestC3" time="0.060" classname="com.ddfw.punj.testcases.TestCaseC"/>
  <testcase name="TestC1" time="0.072" classname="com.ddfw.punj.testcases.TestCaseC"/>
</testsuite> <!-- com.ddfw.punj.testcases.TestCaseC -->
