<?xml version="1.0" encoding="UTF-8"?>
<!-- Generated by org.testng.reporters.JUnitReportReporter -->
<testsuite hostname="DESKTOP-8GU1FPD" name="com.ddfw.punj.testcases.TestCaseB" tests="3" failures="0" timestamp="15 Jun 2018 23:03:30 GMT" time="0.186" errors="0">
  <testcase name="TestB3" time="0.074" classname="com.ddfw.punj.testcases.TestCaseB"/>
  <testcase name="TestB2" time="0.067" classname="com.ddfw.punj.testcases.TestCaseB"/>
  <testcase name="TestB1" time="0.045" classname="com.ddfw.punj.testcases.TestCaseB"/>
</testsuite> <!-- com.ddfw.punj.testcases.TestCaseB -->
