<?xml version="1.0" encoding="UTF-8"?>
<!-- Generated by org.testng.reporters.JUnitReportReporter -->
<testsuite hostname="DESKTOP-8GU1FPD" name="com.ddfw.punj.AppTest" tests="1" failures="0" timestamp="15 Jun 2018 23:03:30 GMT" time="0.001" errors="0">
  <testcase name="testApp" time="0.001" classname="com.ddfw.punj.AppTest"/>
</testsuite> <!-- com.ddfw.punj.AppTest -->
